Build started 9/23/2015 7:43:54 PM.
     1>Project "C:\Users\scott\Downloads\lz4-r131\liblz4.vcxproj" on node 2 (Rebuild target(s)).
     1>CustomBuild:
         Building Custom Rule C:/Users/scott/Downloads/lz4-r131/lz4-r131/cmake_unofficial/CMakeLists.txt
         CMake does not need to re-run because C:\Users\scott\Downloads\lz4-r131\CMakeFiles\generate.stamp is up-to-date.
       ClCompile:
         C:\Program Files (x86)\Microsoft Visual Studio 12.0\VC\bin\CL.exe /c /I"C:\Users\scott\Downloads\lz4-r131\lz4-r131\cmake_unofficial\..\lib" /Zi /nologo /W4 /WX- /Od /Ob0 /Oy- /D WIN32 /D _WINDOWS /D _DEBUG /D "LZ4_VERSION=\"r128\"" /D "CMAKE_INTDIR=\"Debug\"" /D _MBCS /Gm- /RTC1 /MDd /GS /fp:precise /Zc:wchar_t /Zc:forScope /Fo"Debug\\" /Fd"Debug\lz4.pdb" /Gd /TC /analyze- /errorReport:prompt "C:\Users\scott\Downloads\lz4-r131\lz4-r131\lib\lz4.c" "C:\Users\scott\Downloads\lz4-r131\lz4-r131\lib\lz4hc.c" "C:\Users\scott\Downloads\lz4-r131\lz4-r131\lib\lz4frame.c" "C:\Users\scott\Downloads\lz4-r131\lz4-r131\lib\xxhash.c"
         lz4.c
         lz4hc.c
         lz4frame.c
         xxhash.c
         Generating Code...
       Lib:
         C:\Program Files (x86)\Microsoft Visual Studio 12.0\VC\bin\Lib.exe /OUT:"C:\Users\scott\Downloads\lz4-r131\Debug\lz4.lib" /NOLOGO Debug\lz4.obj
         Debug\lz4hc.obj
         Debug\lz4frame.obj
         Debug\xxhash.obj
         liblz4.vcxproj -> C:\Users\scott\Downloads\lz4-r131\Debug\lz4.lib
     1>Done Building Project "C:\Users\scott\Downloads\lz4-r131\liblz4.vcxproj" (Rebuild target(s)).

Build succeeded.

Time Elapsed 00:00:00.61
